<?xml version="1.0" encoding="UTF-8"?>
<!-- Generated by org.testng.reporters.JUnitReportReporter -->
<testsuite skipped="0" hostname="CHAITANYA_SHAST" name="com.Dataprovider.DataInsert" tests="5" failures="0" timestamp="2019-12-26T12:37:43 IST" time="40.006" errors="0">
  <testcase name="login" time="8.000" classname="com.Dataprovider.DataInsert"/>
  <testcase name="login" time="8.003" classname="com.Dataprovider.DataInsert"/>
  <testcase name="login" time="8.002" classname="com.Dataprovider.DataInsert"/>
  <testcase name="login" time="8.000" classname="com.Dataprovider.DataInsert"/>
  <testcase name="login" time="8.001" classname="com.Dataprovider.DataInsert"/>
</testsuite> <!-- com.Dataprovider.DataInsert -->
