<?xml version="1.0" encoding="UTF-8"?>
<!-- Generated by org.testng.reporters.JUnitReportReporter -->
<testsuite skipped="1" hostname="CHAITANYA_SHAST" name="com.Entry.ChaniAccess" tests="5" failures="0" timestamp="2019-12-26T12:37:43 IST" time="0.607" errors="0">
  <testcase name="update" time="0.000" classname="com.Entry.ChaniAccess"/>
  <testcase name="delete" time="0.000" classname="com.Entry.ChaniAccess"/>
  <testcase name="insert" time="0.606" classname="com.Entry.ChaniAccess"/>
  <testcase name="select" time="0.001" classname="com.Entry.ChaniAccess"/>
  <testcase name="test" classname="com.Entry.ChaniAccess">
    <skipped/>
  </testcase> <!-- test -->
</testsuite> <!-- com.Entry.ChaniAccess -->
